Arguments: 
  C:\Program Files\nodejs\node.exe C:\Users\2308\AppData\Roaming\npm\node_modules\yarn\bin\yarn.js add Home

PATH: 
  C:\oraclexe\app\oracle\product\11.2.0\server\bin;;C:\WINDOWS\system32;C:\WINDOWS;C:\WINDOWS\System32\Wbem;C:\WINDOWS\System32\WindowsPowerShell\v1.0\;C:\WINDOWS\System32\OpenSSH\;C:\Program Files\Git\cmd;C:\Program Files\nodejs\;C:\Users\2308\AppData\Local\Microsoft\WindowsApps;;C:\Users\2308\AppData\Local\Programs\Microsoft VS Code\bin;C:\Users\2308\AppData\Roaming\npm

Yarn version: 
  1.22.19

Node version: 
  16.16.0

Platform: 
  win32 x64

Trace: 
  Error: https://registry.yarnpkg.com/Home: Not found
      at Request.params.callback [as _callback] (C:\Users\2308\AppData\Roaming\npm\node_modules\yarn\lib\cli.js:66145:18)
      at Request.self.callback (C:\Users\2308\AppData\Roaming\npm\node_modules\yarn\lib\cli.js:140890:22)
      at Request.emit (node:events:527:28)
      at Request.<anonymous> (C:\Users\2308\AppData\Roaming\npm\node_modules\yarn\lib\cli.js:141862:10)
      at Request.emit (node:events:527:28)
      at IncomingMessage.<anonymous> (C:\Users\2308\AppData\Roaming\npm\node_modules\yarn\lib\cli.js:141784:12)
      at Object.onceWrapper (node:events:641:28)
      at IncomingMessage.emit (node:events:539:35)
      at endReadableNT (node:internal/streams/readable:1345:12)
      at processTicksAndRejections (node:internal/process/task_queues:83:21)

npm manifest: 
  {
    "dependencies": {
      "recoil": "^0.7.5"
    }
  }

yarn manifest: 
  No manifest

Lockfile: 
  # THIS IS AN AUTOGENERATED FILE. DO NOT EDIT THIS FILE DIRECTLY.
  # yarn lockfile v1
  
  
  hamt_plus@1.0.2:
    version "1.0.2"
    resolved "https://registry.yarnpkg.com/hamt_plus/-/hamt_plus-1.0.2.tgz#e21c252968c7e33b20f6a1b094cd85787a265601"
    integrity sha512-t2JXKaehnMb9paaYA7J0BX8QQAY8lwfQ9Gjf4pg/mk4krt+cmwmU652HOoWonf+7+EQV97ARPMhhVgU1ra2GhA==
  
  recoil@^0.7.5:
    version "0.7.5"
    resolved "https://registry.yarnpkg.com/recoil/-/recoil-0.7.5.tgz#9a33a03350cfd99e08bdd5b73bfc8b8b9ee751b9"
    integrity sha512-GVShsj5+M/2GULWBs5WBJGcsNis/d3YvDiaKjYh3mLKXftjtmk9kfaQ8jwjoIXySCwn8/RhgJ4Sshwgzj2UpFA==
    dependencies:
      hamt_plus "1.0.2"
